For ft_strtrim, in /Users/timschmi/francinette/tests/libft/fsoares/test_strtrim.c:

Error in test 3: ft_strtrim("", "cdef"):
malloc protection check for 1th malloc:
     in _add_malloc malloc_mock.c:29:8
     in malloc malloc_mock.c:75:10
  -> in ft_strtrim ft_strtrim.c:69:8
     in single_test_strtrim test_strtrim.c:7:2
     in test_strtrim test_strtrim.c:14:8
     in main test_strtrim.c:26:2
: Segmentation fault!
     in sigsegv utils.c:53:1
     in single_test_strtrim test_strtrim.c:7:2
     in test_strtrim test_strtrim.c:14:8
     in main test_strtrim.c:26:2

For ft_split, in /Users/timschmi/francinette/tests/libft/fsoares/test_split.c:

Error in test 1: ft_split("hello!", 32:' '):
malloc protection check for 2th malloc:
     in _add_malloc malloc_mock.c:29:8
     in malloc malloc_mock.c:75:10
  -> in ft_substr ft_substr.c:29:6
     in pop_arr ft_split.c:56:3
     in ft_split ft_split.c:73:10
     in test_single_split test_split.c:72:2
     in test_split test_split.c:79:6
     in main test_split.c:101:2
: Should return NULL
Error in test 2: ft_split("xxxxxxxxhello!", 120:'x'):
malloc protection check for 2th malloc:
     in _add_malloc malloc_mock.c:29:8
     in malloc malloc_mock.c:75:10
  -> in ft_substr ft_substr.c:29:6
     in pop_arr ft_split.c:56:3
     in ft_split ft_split.c:73:10
     in test_single_split test_split.c:72:2
     in test_split test_split.c:81:8
     in main test_split.c:101:2
: Should return NULL
Error in test 3: ft_split("hello!zzzzzzzz", 122:'z'):
malloc protection check for 2th malloc:
     in _add_malloc malloc_mock.c:29:8
     in malloc malloc_mock.c:75:10
  -> in ft_substr ft_substr.c:29:6
     in pop_arr ft_split.c:56:3
     in ft_split ft_split.c:73:10
     in test_single_split test_split.c:72:2
     in test_split test_split.c:82:8
     in main test_split.c:101:2
: Should return NULL
Error in test 4: ft_split("\t\t\t\thello!\t\t\t\t", 9:'\t'):
malloc protection check for 2th malloc:
     in _add_malloc malloc_mock.c:29:8
     in malloc malloc_mock.c:75:10
  -> in ft_substr ft_substr.c:29:6
     in pop_arr ft_split.c:56:3
     in ft_split ft_split.c:73:10
     in test_single_split test_split.c:72:2
     in test_split test_split.c:83:8
     in main test_split.c:101:2
: Should return NULL
Error in test 7: ft_split("^^^1^^2a,^^^^3^^^^--h^^^^", 94:'^'):
malloc protection check for 2th malloc:
     in _add_malloc malloc_mock.c:29:8
     in malloc malloc_mock.c:75:10
  -> in ft_substr ft_substr.c:29:6
     in pop_arr ft_split.c:56:3
     in ft_split ft_split.c:73:10
     in test_single_split test_split.c:72:2
     in test_split test_split.c:90:8
     in main test_split.c:101:2
: 
Memory leak: 0x602000000690 - 4 bytes
You failed to free the memory allocated at:
     in _add_malloc malloc_mock.c:29:8
     in malloc malloc_mock.c:75:10
  -> in ft_substr ft_substr.c:29:6
     in pop_arr ft_split.c:56:3
     in ft_split ft_split.c:73:10
     in test_single_split test_split.c:72:2
     in test_split test_split.c:90:8
     in main test_split.c:101:2

Memory leak: 0x6020000006b0 - 2 bytes
You failed to free the memory allocated at:
     in _add_malloc malloc_mock.c:29:8
     in malloc malloc_mock.c:75:10
  -> in ft_substr ft_substr.c:29:6
     in pop_arr ft_split.c:56:3
     in ft_split ft_split.c:73:10
     in test_single_split test_split.c:72:2
     in test_split test_split.c:90:8
     in main test_split.c:101:2
8   libdyld.dylib                       0x00007fff6a007cc9 start + 1

Memory leak: 0x6020000006d0 - 4 bytes
You failed to free the memory allocated at:
0   test_split.out                      0x0000000107996f15 _add_malloc + 757
1   test_split.out                      0x0000000107996c13 malloc + 307
2   test_split.out                      0x000000010799cdca ft_substr + 122
3   test_split.out                      0x000000010799cb24 pop_arr + 212
4   test_split.out                      0x000000010799c7de ft_split + 190
5   test_split.out                      0x000000010799666e test_single_split + 1038
6   test_split.out                      0x00000001079968c0 test_split + 464
7   test_split.out                      0x00000001079969ee main + 158
8   libdyld.dylib                       0x00007fff6a007cc9 start + 1

Error in test 7: ft_split("^^^1^^2a,^^^^3^^^^--h^^^^", 94:'^'):
malloc protection check for 2th malloc:
0   test_split.out                      0x0000000107996f15 _add_malloc + 757
1   test_split.out                      0x0000000107996c13 malloc + 307
2   test_split.out                      0x000000010799cdca ft_substr + 122
3   test_split.out                      0x000000010799cb24 pop_arr + 212
4   test_split.out                      0x000000010799c7de ft_split + 190
5   test_split.out                      0x00000001079964b9 test_single_split + 601
6   test_split.out                      0x00000001079968c0 test_split + 464
7   test_split.out                      0x00000001079969ee main + 158
8   libdyld.dylib                       0x00007fff6a007cc9 start + 1
: Should return NULL
Error in test 7: ft_split("^^^1^^2a,^^^^3^^^^--h^^^^", 94:'^'):
malloc protection check for 3th malloc:
0   test_split.out                      0x0000000107996f15 _add_malloc + 757
1   test_split.out                      0x0000000107996c13 malloc + 307
2   test_split.out                      0x000000010799cdca ft_substr + 122
3   test_split.out                      0x000000010799cb24 pop_arr + 212
4   test_split.out                      0x000000010799c7de ft_split + 190
5   test_split.out                      0x00000001079964b9 test_single_split + 601
6   test_split.out                      0x00000001079968c0 test_split + 464
7   test_split.out                      0x00000001079969ee main + 158
8   libdyld.dylib                       0x00007fff6a007cc9 start + 1
: 
Memory leak: 0x6020000006f0 - 2 bytes
You failed to free the memory allocated at:
0   test_split.out                      0x0000000107996f15 _add_malloc + 757
1   test_split.out                      0x0000000107996c13 malloc + 307
2   test_split.out                      0x000000010799cdca ft_substr + 122
3   test_split.out                      0x000000010799cb24 pop_arr + 212
4   test_split.out                      0x000000010799c7de ft_split + 190
5   test_split.out                      0x000000010799666e test_single_split + 1038
6   test_split.out                      0x00000001079968c0 test_split + 464
7   test_split.out                      0x00000001079969ee main + 158
8   libdyld.dylib                       0x00007fff6a007cc9 start + 1

Memory leak: 0x602000000730 - 2 bytes
You failed to free the memory allocated at:
0   test_split.out                      0x0000000107996f15 _add_malloc + 757
1   test_split.out                      0x0000000107996c13 malloc + 307
2   test_split.out                      0x000000010799cdca ft_substr + 122
3   test_split.out                      0x000000010799cb24 pop_arr + 212
4   test_split.out                      0x000000010799c7de ft_split + 190
5   test_split.out                      0x000000010799666e test_single_split + 1038
6   test_split.out                      0x00000001079968c0 test_split + 464
7   test_split.out                      0x00000001079969ee main + 158
8   libdyld.dylib                       0x00007fff6a007cc9 start + 1

Memory leak: 0x602000000750 - 4 bytes
You failed to free the memory allocated at:
0   test_split.out                      0x0000000107996f15 _add_malloc + 757
1   test_split.out                      0x0000000107996c13 malloc + 307
2   test_split.out                      0x000000010799cdca ft_substr + 122
3   test_split.out                      0x000000010799cb24 pop_arr + 212
4   test_split.out                      0x000000010799c7de ft_split + 190
5   test_split.out                      0x000000010799666e test_single_split + 1038
6   test_split.out                      0x00000001079968c0 test_split + 464
7   test_split.out                      0x00000001079969ee main + 158
8   libdyld.dylib                       0x00007fff6a007cc9 start + 1

Error in test 7: ft_split("^^^1^^2a,^^^^3^^^^--h^^^^", 94:'^'):
malloc protection check for 3th malloc:
0   test_split.out                      0x0000000107996f15 _add_malloc + 757
1   test_split.out                      0x0000000107996c13 malloc + 307
2   test_split.out                      0x000000010799cdca ft_substr + 122
3   test_split.out                      0x000000010799cb24 pop_arr + 212
4   test_split.out                      0x000000010799c7de ft_split + 190
5   test_split.out                      0x00000001079964b9 test_single_split + 601
6   test_split.out                      0x00000001079968c0 test_split + 464
7   test_split.out                      0x00000001079969ee main + 158
8   libdyld.dylib                       0x00007fff6a007cc9 start + 1
: Should return NULL
Error in test 7: ft_split("^^^1^^2a,^^^^3^^^^--h^^^^", 94:'^'):
malloc protection check for 4th malloc:
0   test_split.out                      0x0000000107996f15 _add_malloc + 757
1   test_split.out                      0x0000000107996c13 malloc + 307
2   test_split.out                      0x000000010799cdca ft_substr + 122
3   test_split.out                      0x000000010799cb24 pop_arr + 212
4   test_split.out                      0x000000010799c7de ft_split + 190
5   test_split.out                      0x00000001079964b9 test_single_split + 601
6   test_split.out                      0x00000001079968c0 test_split + 464
7   test_split.out                      0x00000001079969ee main + 158
8   libdyld.dylib                       0x00007fff6a007cc9 start + 1
: 
Memory leak: 0x602000000770 - 2 bytes
You failed to free the memory allocated at:
0   test_split.out                      0x0000000107996f15 _add_malloc + 757
1   test_split.out                      0x0000000107996c13 malloc + 307
2   test_split.out                      0x000000010799cdca ft_substr + 122
3   test_split.out                      0x000000010799cb24 pop_arr + 212
4   test_split.out                      0x000000010799c7de ft_split + 190
5   test_split.out                      0x000000010799666e test_single_split + 1038
6   test_split.out                      0x00000001079968c0 test_split + 464
7   test_split.out                      0x00000001079969ee main + 158
8   libdyld.dylib                       0x00007fff6a007cc9 start + 1

Memory leak: 0x602000000790 - 4 bytes
You failed to free the memory allocated at:
0   test_split.out                      0x0000000107996f15 _add_malloc + 757
1   test_split.out                      0x0000000107996c13 malloc + 307
2   test_split.out                      0x000000010799cdca ft_substr + 122
3   test_split.out                      0x000000010799cb24 pop_arr + 212
4   test_split.out                      0x000000010799c7de ft_split + 190
5   test_split.out                      0x000000010799666e test_single_split + 1038
6   test_split.out                      0x00000001079968c0 test_split + 464
7   test_split.out                      0x00000001079969ee main + 158
8   libdyld.dylib                       0x00007fff6a007cc9 start + 1

Memory leak: 0x6020000007d0 - 4 bytes
You failed to free the memory allocated at:
0   test_split.out                      0x0000000107996f15 _add_malloc + 757
1   test_split.out                      0x0000000107996c13 malloc + 307
2   test_split.out                      0x000000010799cdca ft_substr + 122
3   test_split.out                      0x000000010799cb24 pop_arr + 212
4   test_split.out                      0x000000010799c7de ft_split + 190
5   test_split.out                      0x000000010799666e test_single_split + 1038
6   test_split.out                      0x00000001079968c0 test_split + 464
7   test_split.out                      0x00000001079969ee main + 158
8   libdyld.dylib                       0x00007fff6a007cc9 start + 1

Error in test 7: ft_split("^^^1^^2a,^^^^3^^^^--h^^^^", 94:'^'):
malloc protection check for 4th malloc:
0   test_split.out                      0x0000000107996f15 _add_malloc + 757
1   test_split.out                      0x0000000107996c13 malloc + 307
2   test_split.out                      0x000000010799cdca ft_substr + 122
3   test_split.out                      0x000000010799cb24 pop_arr + 212
4   test_split.out                      0x000000010799c7de ft_split + 190
5   test_split.out                      0x00000001079964b9 test_single_split + 601
6   test_split.out                      0x00000001079968c0 test_split + 464
7   test_split.out                      0x00000001079969ee main + 158
8   libdyld.dylib                       0x00007fff6a007cc9 start + 1
: Should return NULL
Error in test 7: ft_split("^^^1^^2a,^^^^3^^^^--h^^^^", 94:'^'):
malloc protection check for 5th malloc:
0   test_split.out                      0x0000000107996f15 _add_malloc + 757
1   test_split.out                      0x0000000107996c13 malloc + 307
2   test_split.out                      0x000000010799cdca ft_substr + 122
3   test_split.out                      0x000000010799cb24 pop_arr + 212
4   test_split.out                      0x000000010799c7de ft_split + 190
5   test_split.out                      0x00000001079964b9 test_single_split + 601
6   test_split.out                      0x00000001079968c0 test_split + 464
7   test_split.out                      0x00000001079969ee main + 158
8   libdyld.dylib                       0x00007fff6a007cc9 start + 1
: 
Memory leak: 0x6020000007f0 - 2 bytes
You failed to free the memory allocated at:
0   test_split.out                      0x0000000107996f15 _add_malloc + 757
1   test_split.out                      0x0000000107996c13 malloc + 307
2   test_split.out                      0x000000010799cdca ft_substr + 122
3   test_split.out                      0x000000010799cb24 pop_arr + 212
4   test_split.out                      0x000000010799c7de ft_split + 190
5   test_split.out                      0x000000010799666e test_single_split + 1038
6   test_split.out                      0x00000001079968c0 test_split + 464
7   test_split.out                      0x00000001079969ee main + 158
8   libdyld.dylib                       0x00007fff6a007cc9 start + 1

Memory leak: 0x602000000810 - 4 bytes
You failed to free the memory allocated at:
0   test_split.out                      0x0000000107996f15 _add_malloc + 757
1   test_split.out                      0x0000000107996c13 malloc + 307
2   test_split.out                      0x000000010799cdca ft_substr + 122
3   test_split.out                      0x000000010799cb24 pop_arr + 212
4   test_split.out                      0x000000010799c7de ft_split + 190
5   test_split.out                      0x000000010799666e test_single_split + 1038
6   test_split.out                      0x00000001079968c0 test_split + 464
7   test_split.out                      0x00000001079969ee main + 158
8   libdyld.dylib                       0x00007fff6a007cc9 start + 1

Memory leak: 0x602000000830 - 2 bytes
You failed to free the memory allocated at:
0   test_split.out                      0x0000000107996f15 _add_malloc + 757
1   test_split.out                      0x0000000107996c13 malloc + 307
2   test_split.out                      0x000000010799cdca ft_substr + 122
3   test_split.out                      0x000000010799cb24 pop_arr + 212
4   test_split.out                      0x000000010799c7de ft_split + 190
5   test_split.out                      0x000000010799666e test_single_split + 1038
6   test_split.out                      0x00000001079968c0 test_split + 464
7   test_split.out                      0x00000001079969ee main + 158
8   libdyld.dylib                       0x00007fff6a007cc9 start + 1

Error in test 7: ft_split("^^^1^^2a,^^^^3^^^^--h^^^^", 94:'^'):
malloc protection check for 5th malloc:
0   test_split.out                      0x0000000107996f15 _add_malloc + 757
1   test_split.out                      0x0000000107996c13 malloc + 307
2   test_split.out                      0x000000010799cdca ft_substr + 122
3   test_split.out                      0x000000010799cb24 pop_arr + 212
4   test_split.out                      0x000000010799c7de ft_split + 190
5   test_split.out                      0x00000001079964b9 test_single_split + 601
6   test_split.out                      0x00000001079968c0 test_split + 464
7   test_split.out                      0x00000001079969ee main + 158
8   libdyld.dylib                       0x00007fff6a007cc9 start + 1
: Should return NULL
Error in test 8: ft_split("nonempty", 0:'\0'):
malloc protection check for 2th malloc:
0   test_split.out                      0x0000000107996f15 _add_malloc + 757
1   test_split.out                      0x0000000107996c13 malloc + 307
2   test_split.out                      0x000000010799cdca ft_substr + 122
3   test_split.out                      0x000000010799cb24 pop_arr + 212
4   test_split.out                      0x000000010799c7de ft_split + 190
5   test_split.out                      0x00000001079964b9 test_single_split + 601
6   test_split.out                      0x0000000107996915 test_split + 549
7   test_split.out                      0x00000001079969ee main + 158
8   libdyld.dylib                       0x00007fff6a007cc9 start + 1
: Should return NULL

